SF:lib/services/validators.dart
DA:6,3
DA:13,3
DA:22,1
DA:23,2
DA:29,0
DA:31,0
DA:36,0
DA:37,0
DA:41,1
DA:42,6
DA:46,1
DA:47,6
DA:51,1
DA:52,5
DA:56,1
DA:57,2
DA:61,1
DA:62,2
LF:18
LH:14
end_of_record
SF:lib/components/buttons/my_reset_password_button.dart
DA:12,2
DA:15,1
DA:16,3
DA:22,1
DA:31,1
DA:34,1
DA:36,1
DA:38,2
LF:8
LH:8
end_of_record
SF:lib/components/cards/my_card_grid.dart
DA:37,1
DA:41,1
DA:44,1
DA:48,3
DA:49,0
DA:53,3
DA:61,1
DA:65,6
DA:66,0
DA:70,3
DA:77,1
DA:81,6
DA:82,0
DA:86,3
DA:92,0
DA:94,0
DA:95,0
DA:96,0
DA:98,0
DA:100,0
DA:103,0
DA:104,0
DA:105,0
DA:106,0
DA:107,0
DA:108,0
DA:109,0
DA:110,0
DA:111,0
DA:118,0
DA:119,0
DA:121,0
LF:32
LH:11
end_of_record
SF:lib/components/inputs/my_file_input.dart
DA:20,1
DA:22,0
DA:23,0
DA:32,0
DA:34,0
DA:37,0
DA:39,0
DA:43,0
DA:47,0
DA:49,0
DA:50,0
DA:51,0
DA:52,0
DA:53,0
DA:54,0
DA:55,0
DA:56,0
DA:58,0
DA:59,0
DA:61,0
DA:62,0
DA:63,0
DA:64,0
DA:65,0
DA:70,0
DA:72,0
DA:73,0
DA:74,0
DA:81,0
DA:82,0
DA:83,0
LF:31
LH:1
end_of_record
SF:lib/components/my_dialog.dart
DA:15,2
DA:19,1
DA:20,1
DA:23,1
DA:24,1
DA:33,1
DA:35,1
DA:36,2
DA:37,1
DA:38,1
DA:39,1
DA:40,2
DA:44,1
LF:13
LH:13
end_of_record
SF:lib/components/bars/error_snack_bar.dart
DA:7,0
DA:8,0
DA:11,0
DA:13,0
DA:14,0
LF:5
LH:0
end_of_record
SF:lib/components/buttons/my_async_button.dart
DA:12,2
DA:14,1
DA:15,1
DA:24,1
DA:27,3
DA:28,3
DA:29,1
DA:30,2
DA:31,1
DA:33,5
DA:34,2
DA:35,1
LF:12
LH:12
end_of_record
SF:lib/services/type_defs.dart
DA:29,1
DA:30,1
DA:31,1
LF:3
LH:3
end_of_record
SF:lib/components/buttons/my_button.dart
DA:11,0
DA:13,0
DA:15,0
DA:16,0
DA:17,0
LF:5
LH:0
end_of_record
SF:lib/services/api/auth_api.dart
DA:21,0
DA:23,0
DA:30,0
DA:34,0
DA:35,0
DA:37,0
DA:40,0
DA:41,0
DA:43,0
DA:49,0
DA:55,0
DA:63,0
DA:67,0
DA:68,0
DA:70,0
DA:73,0
DA:74,0
DA:75,0
DA:76,0
DA:79,0
DA:85,0
DA:91,0
DA:101,0
DA:105,0
DA:106,0
DA:108,0
DA:111,0
DA:112,0
DA:113,0
DA:114,0
DA:115,0
DA:116,0
DA:120,0
DA:126,1
DA:130,1
DA:137,2
DA:142,0
DA:145,2
DA:153,0
DA:158,0
DA:159,0
DA:163,0
DA:168,0
DA:172,0
DA:177,0
DA:180,0
DA:182,0
DA:184,0
DA:185,0
DA:186,0
DA:187,0
DA:190,0
DA:192,0
DA:198,0
DA:212,0
DA:213,0
DA:216,0
DA:221,0
DA:222,0
DA:223,0
DA:227,0
DA:233,0
DA:237,0
DA:238,0
DA:240,0
DA:244,0
DA:247,0
DA:250,0
LF:68
LH:4
end_of_record
SF:lib/components/buttons/my_submit_button.dart
DA:12,0
DA:14,0
DA:15,0
DA:24,0
DA:27,0
DA:28,0
DA:29,0
DA:30,0
DA:31,0
DA:34,0
DA:35,0
DA:36,0
DA:38,0
DA:39,0
DA:40,0
LF:15
LH:0
end_of_record
SF:lib/components/cards/my_card.dart
DA:16,0
DA:18,0
DA:20,0
DA:21,0
DA:22,0
DA:23,0
DA:24,0
DA:25,0
DA:26,0
DA:27,0
DA:28,0
DA:30,0
DA:35,0
DA:37,0
DA:38,0
DA:39,0
DA:41,0
DA:42,0
DA:43,0
DA:44,0
DA:45,0
DA:46,0
DA:52,0
DA:55,0
DA:61,0
DA:63,0
DA:64,0
LF:27
LH:0
end_of_record
SF:lib/components/texts/main_text.dart
DA:12,0
DA:14,0
DA:16,0
DA:17,0
DA:20,0
DA:25,0
LF:6
LH:0
end_of_record
SF:lib/components/texts/empty_text.dart
DA:14,0
DA:16,0
DA:18,0
DA:19,0
DA:20,0
DA:24,0
DA:26,0
DA:29,0
DA:30,0
LF:9
LH:0
end_of_record
SF:lib/models/community_model.dart
DA:25,0
DA:26,0
DA:27,0
DA:28,0
DA:29,0
DA:30,0
DA:31,0
DA:33,0
DA:37,0
DA:38,0
DA:39,0
DA:40,0
DA:41,0
DA:42,0
DA:43,0
DA:44,0
DA:45,0
LF:17
LH:0
end_of_record
SF:lib/models/feature_model.dart
DA:25,0
DA:26,0
DA:27,0
DA:28,0
DA:29,0
DA:30,0
DA:32,0
DA:36,0
DA:37,0
DA:38,0
DA:39,0
DA:40,0
DA:41,0
DA:42,0
DA:43,0
LF:15
LH:0
end_of_record
SF:lib/components/creatable/creatable_button.dart
DA:17,0
DA:20,0
DA:22,0
DA:25,0
DA:26,0
DA:27,0
DA:32,0
DA:33,0
DA:35,0
DA:38,0
DA:40,0
DA:43,0
DA:46,0
DA:47,0
DA:51,0
DA:53,0
DA:54,0
DA:55,0
DA:57,0
DA:64,0
DA:65,0
DA:67,0
DA:68,0
DA:69,0
DA:70,0
DA:71,0
DA:73,0
DA:81,0
DA:82,0
DA:83,0
DA:84,0
LF:31
LH:0
end_of_record
SF:lib/components/creatable/creatable_data_grid.dart
DA:13,0
DA:16,0
DA:18,0
DA:19,0
DA:28,0
DA:29,0
DA:30,0
DA:36,0
DA:37,0
DA:38,0
DA:40,0
DA:42,0
DA:43,0
DA:44,0
DA:47,0
DA:53,0
DA:56,0
DA:57,0
DA:62,0
DA:68,0
DA:69,0
DA:70,0
DA:74,0
DA:75,0
DA:76,0
DA:80,0
DA:81,0
DA:82,0
DA:83,0
DA:84,0
DA:85,0
DA:87,0
DA:89,0
DA:91,0
DA:93,0
DA:96,0
DA:97,0
DA:98,0
DA:99,0
DA:103,0
DA:104,0
DA:105,0
DA:107,0
DA:108,0
DA:109,0
DA:111,0
DA:113,0
DA:116,0
DA:117,0
DA:118,0
DA:120,0
DA:122,0
DA:125,0
DA:126,0
DA:127,0
DA:130,0
DA:131,0
DA:137,0
DA:138,0
DA:141,0
DA:142,0
DA:143,0
DA:144,0
DA:147,0
LF:64
LH:0
end_of_record
SF:lib/components/inputs/search_input.dart
DA:10,0
DA:12,0
DA:14,0
DA:15,0
DA:16,0
DA:18,0
DA:19,0
DA:21,0
LF:8
LH:0
end_of_record
SF:lib/components/texts/error_text_with_icon.dart
DA:12,0
DA:14,0
DA:16,0
DA:17,0
DA:18,0
DA:23,0
DA:25,0
DA:28,0
DA:30,0
LF:9
LH:0
end_of_record
SF:lib/services/api/feature_dev_api.dart
DA:18,0
DA:27,0
DA:28,0
DA:34,0
DA:35,0
DA:36,0
DA:37,0
DA:38,0
DA:39,0
DA:43,0
DA:48,0
DA:49,0
DA:51,0
DA:54,0
DA:55,0
DA:57,0
DA:58,0
DA:61,0
DA:67,0
DA:75,0
DA:76,0
DA:81,0
DA:82,0
DA:83,0
DA:84,0
DA:85,0
DA:89,0
DA:94,0
DA:95,0
DA:97,0
DA:100,0
DA:101,0
DA:103,0
DA:104,0
DA:107,0
DA:113,0
DA:117,0
DA:118,0
DA:120,0
DA:122,0
DA:124,0
DA:126,0
DA:129,0
DA:131,0
DA:133,0
DA:135,0
DA:137,0
DA:139,0
DA:143,0
DA:150,0
DA:151,0
DA:157,0
DA:158,0
DA:161,0
DA:162,0
DA:164,0
DA:167,0
DA:169,0
DA:170,0
DA:173,0
LF:60
LH:0
end_of_record
SF:lib/components/creatable/creatable_data_list.dart
DA:11,0
DA:14,0
DA:18,0
DA:19,0
DA:20,0
DA:22,0
DA:24,0
DA:25,0
DA:26,0
DA:29,0
DA:35,0
DA:38,0
DA:39,0
DA:46,0
DA:51,0
DA:52,0
DA:53,0
DA:57,0
DA:58,0
DA:59,0
DA:63,0
DA:65,0
DA:67,0
DA:68,0
DA:69,0
DA:71,0
DA:72,0
DA:74,0
DA:75,0
DA:76,0
DA:78,0
DA:80,0
DA:81,0
DA:82,0
DA:85,0
DA:86,0
DA:87,0
DA:90,0
DA:92,0
DA:93,0
DA:96,0
DA:97,0
DA:98,0
DA:99,0
DA:101,0
DA:111,0
DA:112,0
DA:114,0
DA:117,0
DA:118,0
DA:119,0
DA:121,0
LF:52
LH:0
end_of_record
SF:lib/components/texts/error_text_plain.dart
DA:8,0
DA:10,0
DA:12,0
DA:13,0
DA:15,0
LF:5
LH:0
end_of_record
SF:lib/components/creatable/creatable_form.dart
DA:13,0
DA:16,0
DA:18,0
DA:31,0
DA:32,0
DA:34,0
DA:37,0
DA:40,0
DA:42,0
DA:44,0
DA:45,0
DA:48,0
DA:51,0
DA:53,0
DA:55,0
DA:56,0
DA:59,0
DA:60,0
DA:73,0
DA:77,0
DA:80,0
DA:81,0
DA:83,0
DA:86,0
DA:87,0
DA:89,0
DA:90,0
DA:91,0
DA:93,0
DA:94,0
DA:96,0
DA:98,0
DA:101,0
DA:102,0
DA:103,0
DA:104,0
DA:106,0
DA:108,0
DA:109,0
DA:110,0
LF:40
LH:0
end_of_record
SF:lib/components/creatable/creatable_input.dart
DA:20,0
DA:23,0
DA:24,0
DA:28,0
DA:30,0
DA:34,0
DA:35,0
DA:36,0
DA:39,0
DA:40,0
DA:43,0
DA:44,0
DA:47,0
DA:48,0
DA:51,0
DA:52,0
DA:55,0
DA:56,0
DA:63,0
DA:66,0
DA:67,0
DA:70,0
DA:71,0
DA:74,0
DA:75,0
DA:76,0
DA:77,0
DA:78,0
DA:82,0
DA:83,0
DA:84,0
DA:85,0
DA:86,0
DA:91,0
LF:34
LH:0
end_of_record
SF:lib/components/inputs/my_email_input.dart
DA:9,0
DA:11,0
DA:13,0
DA:14,0
DA:15,0
DA:16,0
DA:18,0
DA:19,0
LF:8
LH:0
end_of_record
SF:lib/components/inputs/my_text_input.dart
DA:15,0
DA:17,0
DA:19,0
DA:20,0
DA:21,0
DA:22,0
DA:23,0
DA:24,0
DA:25,0
DA:27,0
LF:10
LH:0
end_of_record
SF:lib/components/creatable/creatable_stuffing.dart
DA:8,0
DA:11,0
DA:12,0
DA:15,0
DA:18,0
DA:21,0
DA:23,0
LF:7
LH:0
end_of_record
SF:lib/components/creatable/creatable_text.dart
DA:8,0
DA:11,0
DA:12,0
DA:15,0
DA:18,0
DA:21,0
DA:22,0
LF:7
LH:0
end_of_record
SF:lib/models/response_models/email_exists_response_model.dart
DA:9,0
DA:11,0
DA:14,0
DA:15,0
DA:16,0
LF:5
LH:0
end_of_record
SF:lib/models/response_models/login_response_model.dart
DA:8,0
DA:10,0
DA:13,0
DA:14,0
LF:4
LH:0
end_of_record
SF:lib/models/response_models/register_response_model.dart
DA:17,0
DA:18,0
DA:19,0
DA:20,0
DA:22,0
DA:25,0
DA:26,0
DA:27,0
DA:28,0
DA:29,0
DA:30,0
DA:35,0
DA:36,0
DA:37,0
DA:38,0
DA:39,0
DA:40,0
DA:41,0
LF:18
LH:0
end_of_record
SF:lib/models/state_models/current_community_state_model.dart
DA:9,0
DA:12,0
DA:13,0
LF:3
LH:0
end_of_record
SF:lib/models/state_models/current_feature_state_model.dart
DA:10,0
DA:13,0
DA:14,0
LF:3
LH:0
end_of_record
SF:lib/models/user_model.dart
DA:25,0
DA:26,0
DA:27,0
DA:28,0
DA:29,0
DA:30,0
DA:31,0
DA:33,0
DA:36,0
DA:37,0
DA:38,0
DA:39,0
DA:40,0
DA:41,0
DA:42,0
DA:43,0
DA:44,0
LF:17
LH:0
end_of_record
SF:lib/models/state_models/auth_token_state_model.dart
DA:9,0
DA:14,0
DA:15,0
DA:16,0
DA:17,0
DA:20,0
DA:24,0
DA:29,0
DA:30,0
DA:32,0
DA:33,0
DA:37,0
DA:38,0
DA:40,0
DA:41,0
LF:15
LH:0
end_of_record
SF:lib/services/api/base_api.dart
DA:13,1
DA:21,1
DA:25,1
DA:26,1
DA:27,0
DA:31,1
DA:34,1
DA:37,1
DA:42,0
DA:48,0
DA:52,0
DA:53,0
DA:54,0
DA:57,0
DA:59,0
DA:66,0
DA:73,0
DA:77,0
DA:78,0
DA:79,0
DA:82,0
DA:84,0
DA:87,0
DA:92,0
DA:99,0
DA:103,0
DA:104,0
DA:105,0
DA:108,0
DA:110,0
DA:117,0
DA:124,0
DA:126,0
DA:128,0
DA:129,0
DA:130,0
DA:133,0
DA:136,0
DA:139,0
DA:140,0
DA:141,0
DA:142,0
DA:146,0
DA:148,0
DA:153,0
DA:159,0
DA:166,0
DA:168,0
DA:170,0
DA:171,0
DA:172,0
DA:175,0
DA:177,0
DA:180,0
DA:181,0
DA:182,0
DA:183,0
DA:187,0
DA:189,0
DA:193,0
LF:60
LH:7
end_of_record
